<?xml version="1.0" encoding="UTF-8"?>
<!-- Generated by org.testng.reporters.JUnitReportReporter -->
<testsuite skipped="0" hostname="DESKTOP-KF72CNI" name="com.article.faces.hotel.NotesFieldTests" tests="5" failures="0" timestamp="2023-10-28T01:40:23 EDT" time="20.763" errors="0">
  <testcase name="SaveNewHotelWithBlankNotesField" time="5.520" classname="com.article.faces.hotel.NotesFieldTests"/>
  <testcase name="VerifyThatNotesFieldAllowsAlphanumeric" time="3.666" classname="com.article.faces.hotel.NotesFieldTests"/>
  <testcase name="VerifyThatNotesFieldIsDisplayed" time="3.396" classname="com.article.faces.hotel.NotesFieldTests"/>
  <testcase name="VerifyThatNotesFieldEditable" time="3.471" classname="com.article.faces.hotel.NotesFieldTests"/>
  <testcase name="SaveNewHotelWithNotBlankNotesField" time="4.710" classname="com.article.faces.hotel.NotesFieldTests"/>
</testsuite> <!-- com.article.faces.hotel.NotesFieldTests -->
